[0m15:56:12.818612 [debug] [MainThread]: Sending event: {'category': 'dbt', 'action': 'invocation', 'label': 'start', 'context': [<snowplow_tracker.self_describing_json.SelfDescribingJson object at 0x000001F5DD2292A0>, <snowplow_tracker.self_describing_json.SelfDescribingJson object at 0x000001F5DFB26140>, <snowplow_tracker.self_describing_json.SelfDescribingJson object at 0x000001F5DFB25F60>]}


============================== 15:56:12.830866 | a5dcfc87-271c-493b-b13d-30b690de4e2c ==============================
[0m15:56:12.830866 [info ] [MainThread]: Running with dbt=1.8.7
[0m15:56:12.833867 [debug] [MainThread]: running dbt with arguments {'printer_width': '80', 'indirect_selection': 'eager', 'write_json': 'True', 'log_cache_events': 'False', 'partial_parse': 'True', 'cache_selected_only': 'False', 'profiles_dir': 'C:\\Users\\Chaimaa\\.dbt', 'fail_fast': 'False', 'warn_error': 'None', 'log_path': 'logs', 'debug': 'False', 'version_check': 'True', 'use_colors': 'True', 'use_experimental_parser': 'False', 'empty': 'None', 'quiet': 'False', 'no_print': 'None', 'log_format': 'default', 'introspect': 'True', 'static_parser': 'True', 'warn_error_options': 'WarnErrorOptions(include=[], exclude=[])', 'target_path': 'None', 'invocation_command': 'dbt init', 'send_anonymous_usage_stats': 'True'}
[0m15:57:57.602379 [debug] [MainThread]: Starter project path: C:\Users\Chaimaa\Documents\data\Datacamp\Snowflake\Airbnb ETL pipeline\arbnb-venv\lib\site-packages\dbt\include\starter_project
[0m15:57:57.785784 [info ] [MainThread]: 
Your new dbt project "airbnb_pipeline_dbt" was created!

For more information on how to configure the profiles.yml file,
please consult the dbt documentation here:

  https://docs.getdbt.com/docs/configure-your-profile

One more thing:

Need help? Don't hesitate to reach out to us via GitHub issues or on Slack:

  https://community.getdbt.com/

Happy modeling!

[0m15:57:57.793787 [info ] [MainThread]: Setting up your profile.
[0m16:00:52.653792 [info ] [MainThread]: Profile airbnb_pipeline_dbt written to C:\Users\Chaimaa\.dbt\profiles.yml using target's profile_template.yml and your supplied values. Run 'dbt debug' to validate the connection.
[0m16:00:52.659300 [debug] [MainThread]: Command `dbt init` succeeded at 16:00:52.659300 after 280.04 seconds
[0m16:00:52.660834 [debug] [MainThread]: Sending event: {'category': 'dbt', 'action': 'invocation', 'label': 'end', 'context': [<snowplow_tracker.self_describing_json.SelfDescribingJson object at 0x000001F5DD2292A0>, <snowplow_tracker.self_describing_json.SelfDescribingJson object at 0x000001F5DFB25F00>, <snowplow_tracker.self_describing_json.SelfDescribingJson object at 0x000001F5DFB262C0>]}
[0m16:00:52.661833 [debug] [MainThread]: Flushing usage events
[0m17:47:47.155692 [debug] [MainThread]: Sending event: {'category': 'dbt', 'action': 'invocation', 'label': 'start', 'context': [<snowplow_tracker.self_describing_json.SelfDescribingJson object at 0x0000022D27379270>, <snowplow_tracker.self_describing_json.SelfDescribingJson object at 0x0000022D29C1A110>, <snowplow_tracker.self_describing_json.SelfDescribingJson object at 0x0000022D29C19F30>]}


============================== 17:47:47.159689 | 947604ea-e682-4f6e-981a-9ce2c3dba85e ==============================
[0m17:47:47.159689 [info ] [MainThread]: Running with dbt=1.8.7
[0m17:47:47.160691 [debug] [MainThread]: running dbt with arguments {'printer_width': '80', 'indirect_selection': 'eager', 'log_cache_events': 'False', 'write_json': 'True', 'partial_parse': 'True', 'cache_selected_only': 'False', 'profiles_dir': 'C:\\Users\\Chaimaa\\.dbt', 'fail_fast': 'False', 'warn_error': 'None', 'log_path': 'logs', 'version_check': 'True', 'debug': 'False', 'use_colors': 'True', 'use_experimental_parser': 'False', 'empty': 'None', 'quiet': 'False', 'no_print': 'None', 'warn_error_options': 'WarnErrorOptions(include=[], exclude=[])', 'static_parser': 'True', 'invocation_command': 'dbt deps', 'introspect': 'True', 'target_path': 'None', 'log_format': 'default', 'send_anonymous_usage_stats': 'True'}
[0m17:47:47.161681 [error] [MainThread]: Encountered an error:
Runtime Error
  No dbt_project.yml found at expected path C:\Users\Chaimaa\Documents\data\Datacamp\Snowflake\Airbnb ETL pipeline\dbt\dbt_project.yml
  Verify that each entry within packages.yml (and their transitive dependencies) contains a file named dbt_project.yml
  
[0m17:47:47.164702 [debug] [MainThread]: Command `dbt deps` failed at 17:47:47.164702 after 0.14 seconds
[0m17:47:47.165691 [debug] [MainThread]: Sending event: {'category': 'dbt', 'action': 'invocation', 'label': 'end', 'context': [<snowplow_tracker.self_describing_json.SelfDescribingJson object at 0x0000022D27379270>, <snowplow_tracker.self_describing_json.SelfDescribingJson object at 0x0000022D29C1A0B0>, <snowplow_tracker.self_describing_json.SelfDescribingJson object at 0x0000022D29C1A200>]}
[0m17:47:47.166682 [debug] [MainThread]: Flushing usage events
[0m17:49:06.659676 [debug] [MainThread]: Sending event: {'category': 'dbt', 'action': 'invocation', 'label': 'start', 'context': [<snowplow_tracker.self_describing_json.SelfDescribingJson object at 0x000001C474B99210>, <snowplow_tracker.self_describing_json.SelfDescribingJson object at 0x000001C47743A0B0>, <snowplow_tracker.self_describing_json.SelfDescribingJson object at 0x000001C477439ED0>]}


============================== 17:49:06.663679 | f03f34e3-217d-4876-a607-393a91024a79 ==============================
[0m17:49:06.663679 [info ] [MainThread]: Running with dbt=1.8.7
[0m17:49:06.665663 [debug] [MainThread]: running dbt with arguments {'printer_width': '80', 'indirect_selection': 'eager', 'log_cache_events': 'False', 'write_json': 'True', 'partial_parse': 'True', 'cache_selected_only': 'False', 'profiles_dir': 'C:\\Users\\Chaimaa\\.dbt', 'fail_fast': 'False', 'debug': 'False', 'log_path': 'logs', 'warn_error': 'None', 'version_check': 'True', 'use_colors': 'True', 'use_experimental_parser': 'False', 'empty': 'None', 'quiet': 'False', 'no_print': 'None', 'warn_error_options': 'WarnErrorOptions(include=[], exclude=[])', 'invocation_command': 'dbt deps', 'log_format': 'default', 'static_parser': 'True', 'target_path': 'None', 'introspect': 'True', 'send_anonymous_usage_stats': 'True'}
[0m17:49:06.666665 [error] [MainThread]: Encountered an error:
Runtime Error
  No dbt_project.yml found at expected path C:\Users\Chaimaa\Documents\data\Datacamp\Snowflake\Airbnb ETL pipeline\dbt\dbt_project.yml
  Verify that each entry within packages.yml (and their transitive dependencies) contains a file named dbt_project.yml
  
[0m17:49:06.668662 [debug] [MainThread]: Command `dbt deps` failed at 17:49:06.668662 after 0.12 seconds
[0m17:49:06.669662 [debug] [MainThread]: Sending event: {'category': 'dbt', 'action': 'invocation', 'label': 'end', 'context': [<snowplow_tracker.self_describing_json.SelfDescribingJson object at 0x000001C474B99210>, <snowplow_tracker.self_describing_json.SelfDescribingJson object at 0x000001C47743A050>, <snowplow_tracker.self_describing_json.SelfDescribingJson object at 0x000001C47743A1A0>]}
[0m17:49:06.669662 [debug] [MainThread]: Flushing usage events
